Added Component: Designator=P1(MOLEX MICRO FIT 18POS VERT)
Add component. Clean all parameters for all variants
Add component (AddParameter): Name = "LatestRevisionDate"; Value = "17-Jul-2002"; VariantName = "[No Variations]"
Add component (AddParameter): Name = "LatestRevisionNote"; Value = "Re-released for DXP Platform."; VariantName = "[No Variations]"
Add component (AddParameter): Name = "Publisher"; Value = "Altium Limited"; VariantName = "[No Variations]"
Added Pin To Net: NetName=NetF1_1 Pin=P1-1
Added Pin To Net: NetName=NetF2_1 Pin=P1-2
Added Pin To Net: NetName=NetF3_1 Pin=P1-3
Added Pin To Net: NetName=NetF4_1 Pin=P1-4
Added Pin To Net: NetName=NetF5_1 Pin=P1-5
Added Pin To Net: NetName=NetF6_1 Pin=P1-6
Added Pin To Net: NetName=NetF7_1 Pin=P1-7
Added Pin To Net: NetName=NetF8_1 Pin=P1-8
Added Pin To Net: NetName=NetF9_1 Pin=P1-9
Added Pin To Net: NetName=NetF10_1 Pin=P1-10
Added Pin To Net: NetName=NetF11_1 Pin=P1-11
Added Pin To Net: NetName=NetF12_1 Pin=P1-12
Added Pin To Net: NetName=NetF13_1 Pin=P1-13
Added Pin To Net: NetName=NetF14_1 Pin=P1-14
Added Pin To Net: NetName=NetF15_1 Pin=P1-15
Added Pin To Net: NetName=NetF16_1 Pin=P1-16
Added Pin To Net: NetName=NetF17_1 Pin=P1-17
Added Pin To Net: NetName=GND Pin=P1-18
Added Member To Class: ClassName=Voltage Sense Member=Component P1 Header 18
Added Room: Name=Voltage Sense
