Change Component Footprint: Designator=P1 Old Footprint=MOLEX MICRO FIT 16POS New Footprint=HDR2X3_CEN
Change Component Footprint: Designator=J1 Old Footprint=PIN1 New Footprint=PAD
Change Component Footprint: Designator=J2 Old Footprint=PIN1 New Footprint=PAD
Change Component Footprint: Designator=J3 Old Footprint=PIN1 New Footprint=PAD
Change Component Footprint: Designator=J4 Old Footprint=PIN1 New Footprint=PAD
Change Component Footprint: Designator=J5 Old Footprint=PIN1 New Footprint=PAD
Change Component Footprint: Designator=J6 Old Footprint=TEST PAD New Footprint=PAD
Change Component Footprint: Designator=J7 Old Footprint=TEST PAD New Footprint=PAD
Change Component Footprint: Designator=J8 Old Footprint=TEST PAD New Footprint=PAD
Change Component Footprint: Designator=J9 Old Footprint=TEST PAD New Footprint=PAD
Change Component Footprint: Designator=J10 Old Footprint=TEST PAD New Footprint=PAD
Change Component Footprint: Designator=J11 Old Footprint=TEST PAD New Footprint=PAD
Change Component Footprint: Designator=J12 Old Footprint=TEST PAD New Footprint=PAD
Change Component Footprint: Designator=J13 Old Footprint=TEST PAD New Footprint=PAD
Change Component Footprint: Designator=J14 Old Footprint=TEST PAD New Footprint=PAD
Change Component Footprint: Designator=J15 Old Footprint=TEST PAD New Footprint=PAD
Change Component Footprint: Designator=J16 Old Footprint=TEST PAD New Footprint=PAD
Change Component Footprint: Designator=J17 Old Footprint=TEST PAD New Footprint=PAD
Change Component Footprint: Designator=J18 Old Footprint=TEST PAD New Footprint=PAD
Change Component Comment : Designator=P1 Old Comment=Header 18 New Comment=Header 6
Added Component: Designator=P2(HDR2X6)
Add component. Clean all parameters for all variants
Add component (AddParameter): Name = "LatestRevisionDate"; Value = "17-Jul-2002"; VariantName = "[No Variations]"
Add component (AddParameter): Name = "LatestRevisionNote"; Value = "Re-released for DXP Platform."; VariantName = "[No Variations]"
Add component (AddParameter): Name = "Publisher"; Value = "Altium Limited"; VariantName = "[No Variations]"
Added Component: Designator=P?(HDR2X3_CEN)
Add component. Clean all parameters for all variants
Add component (AddParameter): Name = "LatestRevisionDate"; Value = "17-Jul-2002"; VariantName = "[No Variations]"
Add component (AddParameter): Name = "LatestRevisionNote"; Value = "Re-released for DXP Platform."; VariantName = "[No Variations]"
Add component (AddParameter): Name = "Publisher"; Value = "Altium Limited"; VariantName = "[No Variations]"
Added Pin To Net: NetName=0-GND Pin=P?-1
Added Pin To Net: NetName=0-GND Pin=P?-2
Added Pin To Net: NetName=0-GND Pin=P?-3
Added Pin To Net: NetName=0-GND Pin=P?-4
Added Pin To Net: NetName=0-GND Pin=P?-5
Added Pin To Net: NetName=0-GND Pin=P?-6
Added Net: Name=0-GND
Added Pin To Net: NetName=TEMP1 Pin=F7-1
Added Pin To Net: NetName=TEMP1 Pin=P2-10
Added Net: Name=TEMP1
Added Pin To Net: NetName=TEMP2 Pin=F8-1
Added Pin To Net: NetName=TEMP2 Pin=P2-12
Added Net: Name=TEMP2
Added Pin To Net: NetName=TEMP3 Pin=F9-1
Added Pin To Net: NetName=TEMP3 Pin=P2-11
Added Net: Name=TEMP3
Added Pin To Net: NetName=TEMP4 Pin=F10-1
Added Pin To Net: NetName=TEMP4 Pin=P2-9
Added Net: Name=TEMP4
Added Pin To Net: NetName=TEMP5 Pin=F11-1
Added Pin To Net: NetName=TEMP5 Pin=P2-7
Added Net: Name=TEMP5
Added Pin To Net: NetName=V0 Pin=F18-1
Added Pin To Net: NetName=V0 Pin=P2-8
Added Net: Name=V0
Added Pin To Net: NetName=V1 Pin=F17-1
Added Pin To Net: NetName=V1 Pin=P2-6
Added Net: Name=V1
Added Pin To Net: NetName=V2 Pin=F16-1
Added Pin To Net: NetName=V2 Pin=P2-4
Added Net: Name=V2
Added Pin To Net: NetName=V3 Pin=F15-1
Added Pin To Net: NetName=V3 Pin=P2-2
Added Net: Name=V3
Added Pin To Net: NetName=V4 Pin=F14-1
Added Pin To Net: NetName=V4 Pin=P2-1
Added Net: Name=V4
Added Pin To Net: NetName=V5 Pin=F13-1
Added Pin To Net: NetName=V5 Pin=P2-3
Added Net: Name=V5
Added Pin To Net: NetName=V6 Pin=F12-1
Added Pin To Net: NetName=V6 Pin=P2-5
Added Net: Name=V6
Added Pin To Net: NetName=V7 Pin=F6-1
Added Pin To Net: NetName=V7 Pin=P1-5
Added Net: Name=V7
Added Pin To Net: NetName=V8 Pin=F5-1
Added Pin To Net: NetName=V8 Pin=P1-4
Added Net: Name=V8
Added Pin To Net: NetName=V9 Pin=F4-1
Added Pin To Net: NetName=V9 Pin=P1-1
Added Net: Name=V9
Added Pin To Net: NetName=V10 Pin=F3-1
Added Pin To Net: NetName=V10 Pin=P1-2
Added Net: Name=V10
Added Pin To Net: NetName=V11 Pin=F2-1
Added Pin To Net: NetName=V11 Pin=P1-3
Added Net: Name=V11
Added Pin To Net: NetName=V12 Pin=F1-1
Added Pin To Net: NetName=V12 Pin=P1-6
Added Net: Name=V12
Added Member To Class: ClassName=Voltage Sense Member=Component P2 Header 12
Added Member To Class: ClassName=Voltage Sense Member=Component P? Header 6
