Removed Pin From Net: NetName=NetP2_2 Pin=R74-1
Removed Pin From Net: NetName=NetP2_1 Pin=R75-1
Removed Member From Class: ClassName=AA BMS Slave Member=C24
Removed Member From Class: ClassName=AA BMS Slave Member=C25
Removed Member From Class: ClassName=AA BMS Slave Member=C26
Removed Member From Class: ClassName=AA BMS Slave Member=C27
Removed Member From Class: ClassName=AA BMS Slave Member=C28
Removed Member From Class: ClassName=AA BMS Slave Member=C29
Removed Member From Class: ClassName=AA BMS Slave Member=C30
Removed Member From Class: ClassName=AA BMS Slave Member=C31
Removed Member From Class: ClassName=AA BMS Slave Member=C32
Removed Member From Class: ClassName=AA BMS Slave Member=C33
Removed Member From Class: ClassName=AA BMS Slave Member=C34
Removed Member From Class: ClassName=AA BMS Slave Member=C35
Removed Member From Class: ClassName=AA BMS Slave Member=C36
Removed Member From Class: ClassName=AA BMS Slave Member=C37
Removed Member From Class: ClassName=AA BMS Slave Member=C38
Removed Member From Class: ClassName=AA BMS Slave Member=C39
Removed Member From Class: ClassName=AA BMS Slave Member=C40
Removed Member From Class: ClassName=AA BMS Slave Member=C41
Removed Member From Class: ClassName=AA BMS Slave Member=C42
Removed Member From Class: ClassName=AA BMS Slave Member=C43
Removed Member From Class: ClassName=AA BMS Slave Member=C44
Removed Member From Class: ClassName=AA BMS Slave Member=C45
Removed Member From Class: ClassName=AA BMS Slave Member=C46
Removed Member From Class: ClassName=AA BMS Slave Member=D14
Removed Member From Class: ClassName=AA BMS Slave Member=D15
Removed Member From Class: ClassName=AA BMS Slave Member=D16
Removed Member From Class: ClassName=AA BMS Slave Member=D17
Removed Member From Class: ClassName=AA BMS Slave Member=D18
Removed Member From Class: ClassName=AA BMS Slave Member=D19
Removed Member From Class: ClassName=AA BMS Slave Member=D20
Removed Member From Class: ClassName=AA BMS Slave Member=D21
Removed Member From Class: ClassName=AA BMS Slave Member=D22
Removed Member From Class: ClassName=AA BMS Slave Member=D23
Removed Member From Class: ClassName=AA BMS Slave Member=D24
Removed Member From Class: ClassName=AA BMS Slave Member=D25
Removed Member From Class: ClassName=AA BMS Slave Member=D26
Removed Member From Class: ClassName=AA BMS Slave Member=L2
Removed Member From Class: ClassName=AA BMS Slave Member=P4
Removed Member From Class: ClassName=AA BMS Slave Member=Q13
Removed Member From Class: ClassName=AA BMS Slave Member=Q14
Removed Member From Class: ClassName=AA BMS Slave Member=Q15
Removed Member From Class: ClassName=AA BMS Slave Member=Q16
Removed Member From Class: ClassName=AA BMS Slave Member=Q17
Removed Member From Class: ClassName=AA BMS Slave Member=Q18
Removed Member From Class: ClassName=AA BMS Slave Member=Q19
Removed Member From Class: ClassName=AA BMS Slave Member=Q20
Removed Member From Class: ClassName=AA BMS Slave Member=Q21
Removed Member From Class: ClassName=AA BMS Slave Member=Q22
Removed Member From Class: ClassName=AA BMS Slave Member=Q23
Removed Member From Class: ClassName=AA BMS Slave Member=Q24
Removed Member From Class: ClassName=AA BMS Slave Member=R70
Removed Member From Class: ClassName=AA BMS Slave Member=R71
Removed Member From Class: ClassName=AA BMS Slave Member=R72
Removed Member From Class: ClassName=AA BMS Slave Member=R73
Removed Member From Class: ClassName=AA BMS Slave Member=R74
Removed Member From Class: ClassName=AA BMS Slave Member=R75
Removed Member From Class: ClassName=AA BMS Slave Member=R76
Removed Member From Class: ClassName=AA BMS Slave Member=R77
Removed Member From Class: ClassName=AA BMS Slave Member=R78
Removed Member From Class: ClassName=AA BMS Slave Member=R79
Removed Member From Class: ClassName=AA BMS Slave Member=R80
Removed Member From Class: ClassName=AA BMS Slave Member=R81
Removed Member From Class: ClassName=AA BMS Slave Member=R82
Removed Member From Class: ClassName=AA BMS Slave Member=R83
Removed Member From Class: ClassName=AA BMS Slave Member=R84
Removed Member From Class: ClassName=AA BMS Slave Member=R85
Removed Member From Class: ClassName=AA BMS Slave Member=R86
Removed Member From Class: ClassName=AA BMS Slave Member=R87
Removed Member From Class: ClassName=AA BMS Slave Member=R88
Removed Member From Class: ClassName=AA BMS Slave Member=R89
Removed Member From Class: ClassName=AA BMS Slave Member=R90
Removed Member From Class: ClassName=AA BMS Slave Member=R91
Removed Member From Class: ClassName=AA BMS Slave Member=R92
Removed Member From Class: ClassName=AA BMS Slave Member=R93
Removed Member From Class: ClassName=AA BMS Slave Member=R94
Removed Member From Class: ClassName=AA BMS Slave Member=R95
Removed Member From Class: ClassName=AA BMS Slave Member=R96
Removed Member From Class: ClassName=AA BMS Slave Member=R97
Removed Member From Class: ClassName=AA BMS Slave Member=R98
Removed Member From Class: ClassName=AA BMS Slave Member=R99
Removed Member From Class: ClassName=AA BMS Slave Member=R100
Removed Member From Class: ClassName=AA BMS Slave Member=R101
Removed Member From Class: ClassName=AA BMS Slave Member=R102
Removed Member From Class: ClassName=AA BMS Slave Member=R103
Removed Member From Class: ClassName=AA BMS Slave Member=R104
Removed Member From Class: ClassName=AA BMS Slave Member=R105
Removed Member From Class: ClassName=AA BMS Slave Member=R106
Removed Member From Class: ClassName=AA BMS Slave Member=R107
Removed Member From Class: ClassName=AA BMS Slave Member=R108
Removed Member From Class: ClassName=AA BMS Slave Member=R109
Removed Member From Class: ClassName=AA BMS Slave Member=R110
Removed Member From Class: ClassName=AA BMS Slave Member=R111
Removed Member From Class: ClassName=AA BMS Slave Member=R112
Removed Member From Class: ClassName=AA BMS Slave Member=R113
Removed Member From Class: ClassName=AA BMS Slave Member=R114
Removed Member From Class: ClassName=AA BMS Slave Member=R115
Removed Member From Class: ClassName=AA BMS Slave Member=R116
Removed Member From Class: ClassName=AA BMS Slave Member=R117
Removed Member From Class: ClassName=AA BMS Slave Member=R118
Removed Member From Class: ClassName=AA BMS Slave Member=R119
Removed Member From Class: ClassName=AA BMS Slave Member=R120
Removed Member From Class: ClassName=AA BMS Slave Member=R121
Removed Member From Class: ClassName=AA BMS Slave Member=R122
Removed Member From Class: ClassName=AA BMS Slave Member=R123
Removed Member From Class: ClassName=AA BMS Slave Member=R124
Removed Member From Class: ClassName=AA BMS Slave Member=R125
Removed Member From Class: ClassName=AA BMS Slave Member=R126
Removed Member From Class: ClassName=AA BMS Slave Member=R127
Removed Member From Class: ClassName=AA BMS Slave Member=R128
Removed Member From Class: ClassName=AA BMS Slave Member=R129
Removed Member From Class: ClassName=AA BMS Slave Member=R130
Removed Member From Class: ClassName=AA BMS Slave Member=R131
Removed Member From Class: ClassName=AA BMS Slave Member=R132
Removed Member From Class: ClassName=AA BMS Slave Member=R133
Removed Member From Class: ClassName=AA BMS Slave Member=R134
Removed Member From Class: ClassName=AA BMS Slave Member=R135
Removed Member From Class: ClassName=AA BMS Slave Member=R136
Removed Member From Class: ClassName=AA BMS Slave Member=R137
Removed Member From Class: ClassName=AA BMS Slave Member=R138
Removed Member From Class: ClassName=AA BMS Slave Member=T3
Removed Member From Class: ClassName=AA BMS Slave Member=T4
Removed Member From Class: ClassName=AA BMS Slave Member=U4
Removed Member From Class: ClassName=AA BMS Slave Member=U5
Removed Member From Class: ClassName=AA BMS Slave Member=U6
Removed Member From Class: ClassName=AA BMS Slave Member=W5
Removed Member From Class: ClassName=AA BMS Slave Member=W6
Removed Member From Class: ClassName=AA BMS Slave Member=W7
Removed Member From Class: ClassName=AA BMS Slave Member=W8
