Removed Pin From Net: NetName=0-GND Pin=P1-1
Removed Pin From Net: NetName=NetD11_2 Pin=P1-2
Removed Pin From Net: NetName=NetD10_2 Pin=P1-3
Removed Pin From Net: NetName=NetD9_2 Pin=P1-4
Removed Pin From Net: NetName=NetD8_2 Pin=P1-5
Removed Pin From Net: NetName=NetD7_2 Pin=P1-6
Removed Pin From Net: NetName=NetD6_2 Pin=P1-7
Removed Pin From Net: NetName=NetD5_2 Pin=P1-8
Removed Pin From Net: NetName=NetD4_2 Pin=P1-9
Removed Pin From Net: NetName=NetD3_2 Pin=P1-10
Removed Pin From Net: NetName=NetD2_2 Pin=P1-11
Removed Pin From Net: NetName=NetD1_2 Pin=P1-12
Removed Pin From Net: NetName=0-V+ Pin=P1-13
Removed Pin From Net: NetName=0-TEMP5 Pin=P1-14
Removed Pin From Net: NetName=0-TEMP4 Pin=P1-15
Removed Pin From Net: NetName=0-TEMP3 Pin=P1-16
Removed Pin From Net: NetName=0-TEMP2 Pin=P1-17
Removed Pin From Net: NetName=0-TEMP1 Pin=P1-18
Change Component Footprint: Designator=P1 Old Footprint=MOLEX MICROCLASP 18POS New Footprint=HDR1X6
Change Component Comment : Designator=P1 Old Comment=Header 24 New Comment=Header 6
Added Component: Designator=P4(HDR1X12)
Add component. Clean all parameters for all variants
Add component (AddParameter): Name = "LatestRevisionDate"; Value = "17-Jul-2002"; VariantName = "[No Variations]"
Add component (AddParameter): Name = "LatestRevisionNote"; Value = "Re-released for DXP Platform."; VariantName = "[No Variations]"
Add component (AddParameter): Name = "Publisher"; Value = "Altium Limited"; VariantName = "[No Variations]"
Added Pin To Net: NetName=NetD5_2 Pin=P1-1
Added Pin To Net: NetName=NetD4_2 Pin=P1-2
Added Pin To Net: NetName=NetD3_2 Pin=P1-3
Added Pin To Net: NetName=NetD2_2 Pin=P1-4
Added Pin To Net: NetName=NetD1_2 Pin=P1-5
Added Pin To Net: NetName=0-V+ Pin=P1-6
Added Pin To Net: NetName=0-GND Pin=P4-1
Added Pin To Net: NetName=NetD11_2 Pin=P4-2
Added Pin To Net: NetName=NetD10_2 Pin=P4-3
Added Pin To Net: NetName=NetD9_2 Pin=P4-4
Added Pin To Net: NetName=NetD8_2 Pin=P4-5
Added Pin To Net: NetName=NetD7_2 Pin=P4-6
Added Pin To Net: NetName=NetD6_2 Pin=P4-7
Added Pin To Net: NetName=0-TEMP5 Pin=P4-8
Added Pin To Net: NetName=0-TEMP4 Pin=P4-9
Added Pin To Net: NetName=0-TEMP3 Pin=P4-10
Added Pin To Net: NetName=0-TEMP2 Pin=P4-11
Added Pin To Net: NetName=0-TEMP1 Pin=P4-12
Added Member To Class: ClassName=AA BMS Slave Member=Component P4 Header 12
